# JRE version: Java(TM) SE Runtime Environment 18.9 (11.0.19+9) (build 11.0.19+9-LTS-224)
# Java VM: Java HotSpot(TM) 64-Bit Server VM 18.9 (11.0.19+9-LTS-224, mixed mode, tiered, compressed oops, g1 gc, windows-amd64)
Heap:
 garbage-first heap   total 131072K, used 57756K [0x0000000081c00000, 0x0000000100000000)
  region size 1024K, 46 young (47104K), 3 survivors (3072K)
 Metaspace       used 28714K, capacity 29686K, committed 29872K, reserved 1075200K
  class space    used 3367K, capacity 3748K, committed 3840K, reserved 1048576K
GC Heap History (8 events):
Event: 0.822 GC heap before
{Heap before GC invocations=0 (full 0):
 garbage-first heap   total 131072K, used 14336K [0x0000000081c00000, 0x0000000100000000)
  region size 1024K, 14 young (14336K), 0 survivors (0K)
 Metaspace       used 9541K, capacity 9717K, committed 9984K, reserved 1058816K
  class space    used 868K, capacity 922K, committed 1024K, reserved 1048576K
}
Event: 0.836 GC heap after
{Heap after GC invocations=1 (full 0):
 garbage-first heap   total 131072K, used 7030K [0x0000000081c00000, 0x0000000100000000)
  region size 1024K, 2 young (2048K), 2 survivors (2048K)
 Metaspace       used 9541K, capacity 9717K, committed 9984K, reserved 1058816K
  class space    used 868K, capacity 922K, committed 1024K, reserved 1048576K
}
Event: 2.054 GC heap before
{Heap before GC invocations=1 (full 0):
 garbage-first heap   total 131072K, used 13174K [0x0000000081c00000, 0x0000000100000000)
  region size 1024K, 8 young (8192K), 2 survivors (2048K)
 Metaspace       used 10938K, capacity 11101K, committed 11392K, reserved 1058816K
  class space    used 1034K, capacity 1111K, committed 1152K, reserved 1048576K
}
Event: 2.058 GC heap after
{Heap after GC invocations=2 (full 0):
 garbage-first heap   total 131072K, used 6918K [0x0000000081c00000, 0x0000000100000000)
  region size 1024K, 1 young (1024K), 1 survivors (1024K)
 Metaspace       used 10938K, capacity 11101K, committed 11392K, reserved 1058816K
  class space    used 1034K, capacity 1111K, committed 1152K, reserved 1048576K
}
Event: 4.103 GC heap before
{Heap before GC invocations=2 (full 0):
 garbage-first heap   total 131072K, used 36614K [0x0000000081c00000, 0x0000000100000000)
  region size 1024K, 30 young (30720K), 1 survivors (1024K)
 Metaspace       used 16816K, capacity 17525K, committed 17792K, reserved 1064960K
  class space    used 1848K, capacity 2144K, committed 2176K, reserved 1048576K
}
Event: 4.108 GC heap after
{Heap after GC invocations=3 (full 0):
 garbage-first heap   total 131072K, used 8382K [0x0000000081c00000, 0x0000000100000000)
  region size 1024K, 2 young (2048K), 2 survivors (2048K)
 Metaspace       used 16816K, capacity 17525K, committed 17792K, reserved 1064960K
  class space    used 1848K, capacity 2144K, committed 2176K, reserved 1048576K
}
Event: 4.689 GC heap before
{Heap before GC invocations=3 (full 0):
 garbage-first heap   total 131072K, used 26814K [0x0000000081c00000, 0x0000000100000000)
  region size 1024K, 21 young (21504K), 2 survivors (2048K)
 Metaspace       used 20404K, capacity 21138K, committed 21296K, reserved 1069056K
  class space    used 2293K, capacity 2623K, committed 2688K, reserved 1048576K
}
Event: 4.696 GC heap after
{Heap after GC invocations=4 (full 0):
 garbage-first heap   total 131072K, used 9628K [0x0000000081c00000, 0x0000000100000000)
  region size 1024K, 3 young (3072K), 3 survivors (3072K)
 Metaspace       used 20404K, capacity 21138K, committed 21296K, reserved 1069056K
  class space    used 2293K, capacity 2623K, committed 2688K, reserved 1048576K
}

