<?xml version="1.0" encoding="UTF-8"?>
<!-- Generated by org.testng.reporters.JUnitXMLReporter -->
<testsuite ignored="0" hostname="DESKTOP-767HIEB" failures="0" tests="2" name="Default test" time="21.279" errors="0" timestamp="2023-08-04T12:52:33 IST">
  <testcase classname="com.learnAutomation.testcases.ManageCategoryTest" name="loginToApp" time="3.809"/>
  <testcase classname="com.learnAutomation.testcases.ManageCategoryTest" name="categoryManage" time="8.061"/>
</testsuite> <!-- Default test -->
