<?xml version="1.0" encoding="UTF-8"?>
<!-- Generated by org.testng.reporters.JUnitXMLReporter -->
<testsuite ignored="0" hostname="DESKTOP-767HIEB" failures="0" tests="3" name="Test" time="34.491" errors="0" timestamp="2023-06-30T19:56:50 IST">
  <testcase classname="com.learnAutomation.testcases.RegisterTest" name="SignUpForApp" time="14.701"/>
  <testcase classname="com.learnAutomation.testcases.LoginTest" name="loginToApp" time="6.322"/>
  <testcase classname="com.learnAutomation.testcases.SocialMediaCount" name="socialMediaCount" time="0.247"/>
</testsuite> <!-- Test -->
