<?xml version="1.0" encoding="UTF-8"?>
<!-- Generated by org.testng.reporters.JUnitXMLReporter -->
<testsuite ignored="0" hostname="DESKTOP-767HIEB" failures="0" tests="5" name="Test" time="41.276" errors="0" timestamp="2023-07-13T14:15:08 IST">
  <testcase classname="com.learnAutomation.testcases.RegisterTest" name="SignUpForApp" time="15.411"/>
  <testcase classname="com.learnAutomation.testcases.LoginTest" name="loginToApp" time="6.63"/>
  <testcase classname="com.learnAutomation.testcases.SocialMediaCount" name="socialMediaCount" time="0.552"/>
  <testcase classname="com.learnAutomation.testcases.SmokeTest" name="verifyURL" time="0.344"/>
  <testcase classname="com.learnAutomation.testcases.JDBCBasics" name="verifyDBRecords" time="0.644"/>
</testsuite> <!-- Test -->
