<?xml version="1.0" encoding="UTF-8"?>
<testng-results ignored="0" total="1" passed="1" failed="0" skipped="0">
  <reporter-output>
  </reporter-output>
  <suite started-at="2023-06-19T17:25:27 IST" name="Default suite" finished-at="2023-06-19T17:25:48 IST" duration-ms="21041">
    <groups>
    </groups>
    <test started-at="2023-06-19T17:25:27 IST" name="Default test" finished-at="2023-06-19T17:25:48 IST" duration-ms="21041">
      <class name="com.learnAutomation.testcases.RegisterTest">
        <test-method is-config="true" signature="setupApplication()[pri:0, instance:com.learnAutomation.testcases.RegisterTest@3c7f66c4]" started-at="2023-06-19T17:25:27 IST" name="setupApplication" finished-at="2023-06-19T17:25:32 IST" duration-ms="4597" status="PASS">
          <reporter-output>
          </reporter-output>
        </test-method> <!-- setupApplication -->
        <test-method signature="SignUpForApp(java.lang.String,java.lang.String,java.lang.String,java.lang.String,java.lang.String,java.lang.String,java.lang.String)[pri:1, instance:com.learnAutomation.testcases.RegisterTest@3c7f66c4]" started-at="2023-06-19T17:25:33 IST" name="SignUpForApp" data-provider="SignUpUsers" finished-at="2023-06-19T17:25:48 IST" duration-ms="14900" status="PASS">
          <params>
            <param index="0">
              <value>
                <![CDATA[Nilam]]>
              </value>
            </param>
            <param index="1">
              <value>
                <![CDATA[nilamtest@gmail.com]]>
              </value>
            </param>
            <param index="2">
              <value>
                <![CDATA[nilam@123]]>
              </value>
            </param>
            <param index="3">
              <value>
                <![CDATA[Automation Testing]]>
              </value>
            </param>
            <param index="4">
              <value>
                <![CDATA[Female]]>
              </value>
            </param>
            <param index="5">
              <value>
                <![CDATA[Maharashtra]]>
              </value>
            </param>
            <param index="6">
              <value>
                <![CDATA[Reading]]>
              </value>
            </param>
          </params>
          <reporter-output>
          </reporter-output>
        </test-method> <!-- SignUpForApp -->
        <test-method is-config="true" signature="tearDown()[pri:0, instance:com.learnAutomation.testcases.RegisterTest@3c7f66c4]" started-at="2023-06-19T17:25:48 IST" name="tearDown" finished-at="2023-06-19T17:25:48 IST" duration-ms="0" status="PASS">
          <reporter-output>
          </reporter-output>
        </test-method> <!-- tearDown -->
      </class> <!-- com.learnAutomation.testcases.RegisterTest -->
    </test> <!-- Default test -->
  </suite> <!-- Default suite -->
</testng-results>
